<?xml version="1.0" encoding="UTF-8"?>
<!-- Generated by org.testng.reporters.JUnitXMLReporter -->
<testsuite ignored="0" hostname="LAPTOP-T9EFSAMR" failures="0" tests="3" name="Default test" time="3.275" errors="0" timestamp="2024-04-29T12:25:13 CDT">
  <testcase classname="testCases.CreateOneAcount" name="createOneAccount" time="0.842"/>
  <testcase classname="testCases.CreateOneAcount" name="readAllAccounts" time="1.194"/>
  <testcase classname="testCases.CreateOneAcount" name="readOneAccount" time="1.192"/>
</testsuite> <!-- Default test -->
